
**** Build of configuration Debug for project ADC10_+_DMA ****

"C:\\ti\\ccsv7\\utils\\bin\\gmake" -k -j 4 all -O 
'Building file: ../Libraries/PCF8574.c'
'Invoking: MSP430 Compiler'
"C:/ti/ccsv7/tools/compiler/ti-cgt-msp430_17.6.0.STS/bin/cl430" -vmsp --use_hw_mpy=none --include_path="C:/Users/sshah/Desktop/MSP430 CCS Code Examples/Code Examples/ADC10_+_DMA/Libraries" --include_path="C:/ti/ccsv7/ccs_base/msp430/include" --include_path="C:/Users/sshah/Desktop/MSP430 CCS Code Examples/Code Examples/ADC10_+_DMA" --include_path="C:/ti/ccsv7/tools/compiler/ti-cgt-msp430_17.6.0.STS/include" --advice:power=all --define=__MSP430G2452__ -g --printf_support=minimal --diag_warning=225 --diag_wrap=off --display_error_number --preproc_with_compile --preproc_dependency="Libraries/PCF8574.d" --obj_directory="Libraries"  "../Libraries/PCF8574.c"
'Finished building: ../Libraries/PCF8574.c'
' '
'Building file: ../Libraries/delay.c'
'Invoking: MSP430 Compiler'
"C:/ti/ccsv7/tools/compiler/ti-cgt-msp430_17.6.0.STS/bin/cl430" -vmsp --use_hw_mpy=none --include_path="C:/Users/sshah/Desktop/MSP430 CCS Code Examples/Code Examples/ADC10_+_DMA/Libraries" --include_path="C:/ti/ccsv7/ccs_base/msp430/include" --include_path="C:/Users/sshah/Desktop/MSP430 CCS Code Examples/Code Examples/ADC10_+_DMA" --include_path="C:/ti/ccsv7/tools/compiler/ti-cgt-msp430_17.6.0.STS/include" --advice:power=all --define=__MSP430G2452__ -g --printf_support=minimal --diag_warning=225 --diag_wrap=off --display_error_number --preproc_with_compile --preproc_dependency="Libraries/delay.d" --obj_directory="Libraries"  "../Libraries/delay.c"
"../Libraries/delay.c", line 6: remark #1533-D: (ULP 6.1) Detected use of multiplication on a device that has no hardware multiplier
'Finished building: ../Libraries/delay.c'
' '
'Building file: ../Libraries/SW_I2C.c'
'Invoking: MSP430 Compiler'
"C:/ti/ccsv7/tools/compiler/ti-cgt-msp430_17.6.0.STS/bin/cl430" -vmsp --use_hw_mpy=none --include_path="C:/Users/sshah/Desktop/MSP430 CCS Code Examples/Code Examples/ADC10_+_DMA/Libraries" --include_path="C:/ti/ccsv7/ccs_base/msp430/include" --include_path="C:/Users/sshah/Desktop/MSP430 CCS Code Examples/Code Examples/ADC10_+_DMA" --include_path="C:/ti/ccsv7/tools/compiler/ti-cgt-msp430_17.6.0.STS/include" --advice:power=all --define=__MSP430G2452__ -g --printf_support=minimal --diag_warning=225 --diag_wrap=off --display_error_number --preproc_with_compile --preproc_dependency="Libraries/SW_I2C.d" --obj_directory="Libraries"  "../Libraries/SW_I2C.c"
'Finished building: ../Libraries/SW_I2C.c'
' '
'Building file: ../main.c'
'Invoking: MSP430 Compiler'
"C:/ti/ccsv7/tools/compiler/ti-cgt-msp430_17.6.0.STS/bin/cl430" -vmsp --use_hw_mpy=none --include_path="C:/Users/sshah/Desktop/MSP430 CCS Code Examples/Code Examples/ADC10_+_DMA/Libraries" --include_path="C:/ti/ccsv7/ccs_base/msp430/include" --include_path="C:/Users/sshah/Desktop/MSP430 CCS Code Examples/Code Examples/ADC10_+_DMA" --include_path="C:/ti/ccsv7/tools/compiler/ti-cgt-msp430_17.6.0.STS/include" --advice:power=all --define=__MSP430G2452__ -g --printf_support=minimal --diag_warning=225 --diag_wrap=off --display_error_number --preproc_with_compile --preproc_dependency="main.d"  "../main.c"
"../main.c", line 63: remark #1544-D: (ULP 13.1) Detected loop counting up. Recommend loops count down as detecting zeros is easier
"../main.c", line 68: remark #1530-D: (ULP 5.1) Detected divide operation(s). Recommend moving them to RAM during run time or not using as these are processing/power intensive
"../main.c", line 136: remark #1527-D: (ULP 2.1) Detected SW delay loop using __delay_cycles. Recommend using a timer module instead
"../main.c", line 258: remark #1527-D: (ULP 2.1) Detected SW delay loop using __delay_cycles. Recommend using a timer module instead
"../main.c", line 313: remark #1530-D: (ULP 5.1) Detected divide operation(s). Recommend moving them to RAM during run time or not using as these are processing/power intensive
"../main.c", line 317: remark #1530-D: (ULP 5.1) Detected modulo operation(s). Recommend moving them to RAM during run time or not using as these are processing/power intensive
"../main.c", line 321: remark #1530-D: (ULP 5.1) Detected modulo operation(s). Recommend moving them to RAM during run time or not using as these are processing/power intensive
"../main.c", line 325: remark #1530-D: (ULP 5.1) Detected modulo operation(s). Recommend moving them to RAM during run time or not using as these are processing/power intensive
'Finished building: ../main.c'
' '
'Building file: ../Libraries/lcd.c'
'Invoking: MSP430 Compiler'
"C:/ti/ccsv7/tools/compiler/ti-cgt-msp430_17.6.0.STS/bin/cl430" -vmsp --use_hw_mpy=none --include_path="C:/Users/sshah/Desktop/MSP430 CCS Code Examples/Code Examples/ADC10_+_DMA/Libraries" --include_path="C:/ti/ccsv7/ccs_base/msp430/include" --include_path="C:/Users/sshah/Desktop/MSP430 CCS Code Examples/Code Examples/ADC10_+_DMA" --include_path="C:/ti/ccsv7/tools/compiler/ti-cgt-msp430_17.6.0.STS/include" --advice:power=all --define=__MSP430G2452__ -g --printf_support=minimal --diag_warning=225 --diag_wrap=off --display_error_number --preproc_with_compile --preproc_dependency="Libraries/lcd.d" --obj_directory="Libraries"  "../Libraries/lcd.c"
"../Libraries/lcd.c", line 4: remark #1535-D: (ULP 8.1) variable "bl_state" is used as a constant. Recommend declaring variable as either 'static const' or 'const'
'Finished building: ../Libraries/lcd.c'
' '
'Building target: ADC10_+_DMA.out'
'Invoking: MSP430 Linker'
"C:/ti/ccsv7/tools/compiler/ti-cgt-msp430_17.6.0.STS/bin/cl430" -vmsp --use_hw_mpy=none --advice:power=all --define=__MSP430G2452__ -g --printf_support=minimal --diag_warning=225 --diag_wrap=off --display_error_number -z -m"ADC10_+_DMA.map" --heap_size=80 --stack_size=80 -i"C:/ti/ccsv7/ccs_base/msp430/include" -i"C:/ti/ccsv7/tools/compiler/ti-cgt-msp430_17.6.0.STS/lib" -i"C:/ti/ccsv7/tools/compiler/ti-cgt-msp430_17.6.0.STS/include" --reread_libs --diag_wrap=off --display_error_number --warn_sections --xml_link_info="ADC10_+_DMA_linkInfo.xml" --use_hw_mpy=none --rom_model -o "ADC10_+_DMA.out" "./main.obj" "./Libraries/PCF8574.obj" "./Libraries/SW_I2C.obj" "./Libraries/delay.obj" "./Libraries/lcd.obj" "../lnk_msp430g2452.cmd"  -llibc.a 
<Linking>
'Finished building target: ADC10_+_DMA.out'
' '
'Invoking: MSP430 Hex Utility'
"C:/ti/ccsv7/tools/compiler/ti-cgt-msp430_17.6.0.STS/bin/hex430" --memwidth=8 --romwidth=8 --intel -o "ADC10_+_DMA.hex"  "ADC10_+_DMA.out" 
Translating to Intel format...
   "ADC10_+_DMA.out" .text ==> .text
   "ADC10_+_DMA.out" .const ==> .const
   "ADC10_+_DMA.out" .cinit ==> .cinit
   "ADC10_+_DMA.out" PORT1 ==> PORT1
   "ADC10_+_DMA.out" PORT2 ==> PORT2
   "ADC10_+_DMA.out" USI ==> USI
   "ADC10_+_DMA.out" ADC10 ==> ADC10
   "ADC10_+_DMA.out" TIMER0_A1 ==> TIMER0_A1
   "ADC10_+_DMA.out" TIMER0_A0 ==> TIMER0_A0
   "ADC10_+_DMA.out" WDT ==> WDT
   "ADC10_+_DMA.out" COMPARATORA ==> COMPARATORA
   "ADC10_+_DMA.out" NMI ==> NMI
   "ADC10_+_DMA.out" .reset ==> .reset
'Finished building: ADC10_+_DMA.hex'
' '

**** Build Finished ****
