
**** Build of configuration Debug for project PWM ****

"C:\\ti\\ccsv7\\utils\\bin\\gmake" -k -j 4 all -O 
'Building file: ../Libraries/delay.c'
'Invoking: MSP430 Compiler'
"C:/ti/ccsv7/tools/compiler/ti-cgt-msp430_17.6.0.STS/bin/cl430" -vmsp --use_hw_mpy=none --include_path="C:/ti/ccsv7/ccs_base/msp430/include" --include_path="C:/Users/sshah/Desktop/MSP430 CCS Code Examples/PWM/Libraries" --include_path="C:/Users/sshah/Desktop/MSP430 CCS Code Examples/PWM" --include_path="C:/ti/ccsv7/tools/compiler/ti-cgt-msp430_17.6.0.STS/include" --advice:power=all --define=__MSP430G2452__ -g --printf_support=minimal --diag_warning=225 --diag_wrap=off --display_error_number --preproc_with_compile --preproc_dependency="Libraries/delay.d" --obj_directory="Libraries"  "../Libraries/delay.c"
"../Libraries/delay.c", line 6: remark #1533-D: (ULP 6.1) Detected use of multiplication on a device that has no hardware multiplier
'Finished building: ../Libraries/delay.c'
' '
'Building file: ../main.c'
'Invoking: MSP430 Compiler'
"C:/ti/ccsv7/tools/compiler/ti-cgt-msp430_17.6.0.STS/bin/cl430" -vmsp --use_hw_mpy=none --include_path="C:/ti/ccsv7/ccs_base/msp430/include" --include_path="C:/Users/sshah/Desktop/MSP430 CCS Code Examples/PWM/Libraries" --include_path="C:/Users/sshah/Desktop/MSP430 CCS Code Examples/PWM" --include_path="C:/ti/ccsv7/tools/compiler/ti-cgt-msp430_17.6.0.STS/include" --advice:power=all --define=__MSP430G2452__ -g --printf_support=minimal --diag_warning=225 --diag_wrap=off --display_error_number --preproc_with_compile --preproc_dependency="main.d"  "../main.c"
"../main.c", line 36: remark #1544-D: (ULP 13.1) Detected loop counting up. Recommend loops count down as detecting zeros is easier
'Finished building: ../main.c'
' '
'Building target: PWM.out'
'Invoking: MSP430 Linker'
"C:/ti/ccsv7/tools/compiler/ti-cgt-msp430_17.6.0.STS/bin/cl430" -vmsp --use_hw_mpy=none --advice:power=all --define=__MSP430G2452__ -g --printf_support=minimal --diag_warning=225 --diag_wrap=off --display_error_number -z -m"PWM.map" --heap_size=80 --stack_size=80 -i"C:/ti/ccsv7/ccs_base/msp430/include" -i"C:/ti/ccsv7/tools/compiler/ti-cgt-msp430_17.6.0.STS/lib" -i"C:/ti/ccsv7/tools/compiler/ti-cgt-msp430_17.6.0.STS/include" --reread_libs --diag_wrap=off --display_error_number --warn_sections --xml_link_info="PWM_linkInfo.xml" --use_hw_mpy=none --rom_model -o "PWM.out" "./main.obj" "./Libraries/delay.obj" "../lnk_msp430g2452.cmd"  -llibc.a 
<Linking>
'Finished building target: PWM.out'
' '
'Invoking: MSP430 Hex Utility'
"C:/ti/ccsv7/tools/compiler/ti-cgt-msp430_17.6.0.STS/bin/hex430" --memwidth=8 --romwidth=8 --intel -o "PWM.hex"  "PWM.out" 
Translating to Intel format...
   "PWM.out" .text ==> .text
   "PWM.out" PORT1 ==> PORT1
   "PWM.out" PORT2 ==> PORT2
   "PWM.out" USI ==> USI
   "PWM.out" ADC10 ==> ADC10
   "PWM.out" TIMER0_A1 ==> TIMER0_A1
   "PWM.out" TIMER0_A0 ==> TIMER0_A0
   "PWM.out" WDT ==> WDT
   "PWM.out" COMPARATORA ==> COMPARATORA
   "PWM.out" NMI ==> NMI
   "PWM.out" .reset ==> .reset
'Finished building: PWM.hex'
' '

**** Build Finished ****
