
**** Build of configuration Debug for project SW_I2C ****

"C:\\ti\\ccsv7\\utils\\bin\\gmake" -k -j 4 all -O 
'Building file: ../main.c'
'Invoking: MSP430 Compiler'
"C:/ti/ccsv7/tools/compiler/ti-cgt-msp430_17.6.0.STS/bin/cl430" -vmsp --use_hw_mpy=none --include_path="C:/Users/SShahryiar/Desktop/MSP430 CCS Code Examples/SW_I2C/Libraries" --include_path="C:/ti/ccsv7/ccs_base/msp430/include" --include_path="C:/Users/SShahryiar/Desktop/MSP430 CCS Code Examples/SW_I2C" --include_path="C:/ti/ccsv7/tools/compiler/ti-cgt-msp430_17.6.0.STS/include" --advice:power=all --define=__MSP430G2452__ -g --printf_support=minimal --diag_warning=225 --diag_wrap=off --display_error_number --preproc_with_compile --preproc_dependency="main.d"  "../main.c"
"../main.c", line 222: remark #1530-D: (ULP 5.1) Detected divide operation(s). Recommend moving them to RAM during run time or not using as these are processing/power intensive
"../main.c", line 226: remark #1530-D: (ULP 5.1) Detected modulo operation(s). Recommend moving them to RAM during run time or not using as these are processing/power intensive
"../main.c", line 230: remark #1530-D: (ULP 5.1) Detected modulo operation(s). Recommend moving them to RAM during run time or not using as these are processing/power intensive
'Finished building: ../main.c'
' '
'Building target: SW_I2C.out'
'Invoking: MSP430 Linker'
"C:/ti/ccsv7/tools/compiler/ti-cgt-msp430_17.6.0.STS/bin/cl430" -vmsp --use_hw_mpy=none --advice:power=all --define=__MSP430G2452__ -g --printf_support=minimal --diag_warning=225 --diag_wrap=off --display_error_number -z -m"SW_I2C.map" --heap_size=80 --stack_size=80 -i"C:/ti/ccsv7/ccs_base/msp430/include" -i"C:/ti/ccsv7/tools/compiler/ti-cgt-msp430_17.6.0.STS/lib" -i"C:/ti/ccsv7/tools/compiler/ti-cgt-msp430_17.6.0.STS/include" --reread_libs --diag_wrap=off --display_error_number --warn_sections --xml_link_info="SW_I2C_linkInfo.xml" --use_hw_mpy=none --rom_model -o "SW_I2C.out" "./main.obj" "./Libraries/PCF8591.obj" "./Libraries/SW_I2C.obj" "./Libraries/delay.obj" "./Libraries/lcd.obj" "../lnk_msp430g2452.cmd"  -llibc.a 
<Linking>
'Finished building target: SW_I2C.out'
' '
'Invoking: MSP430 Hex Utility'
"C:/ti/ccsv7/tools/compiler/ti-cgt-msp430_17.6.0.STS/bin/hex430" --memwidth=8 --romwidth=8 --intel -o "SW_I2C.hex"  "SW_I2C.out" 
Translating to Intel format...
   "SW_I2C.out" .text ==> .text
   "SW_I2C.out" .const ==> .const
   "SW_I2C.out" .cinit ==> .cinit
   "SW_I2C.out" PORT1 ==> PORT1
   "SW_I2C.out" PORT2 ==> PORT2
   "SW_I2C.out" USI ==> USI
   "SW_I2C.out" ADC10 ==> ADC10
   "SW_I2C.out" TIMER0_A1 ==> TIMER0_A1
   "SW_I2C.out" TIMER0_A0 ==> TIMER0_A0
   "SW_I2C.out" WDT ==> WDT
   "SW_I2C.out" COMPARATORA ==> COMPARATORA
   "SW_I2C.out" NMI ==> NMI
   "SW_I2C.out" .reset ==> .reset
'Finished building: SW_I2C.hex'
' '

**** Build Finished ****
