
**** Build of configuration Debug for project USCI_I2C_BH1750 ****

"C:\\ti\\ccsv7\\utils\\bin\\gmake" -k -j 4 all -O 
'Building file: ../Libraries/PCF8574.c'
'Invoking: MSP430 Compiler'
"C:/ti/ccsv7/tools/compiler/ti-cgt-msp430_17.6.0.STS/bin/cl430" -vmsp --use_hw_mpy=none --include_path="C:/Users/sshah/Desktop/MSP430 CCS Code Examples/Code Examples/USCI_I2C_BH1750/Libraries" --include_path="C:/ti/ccsv7/ccs_base/msp430/include" --include_path="C:/Users/sshah/Desktop/MSP430 CCS Code Examples/Code Examples/USCI_I2C_BH1750" --include_path="C:/ti/ccsv7/tools/compiler/ti-cgt-msp430_17.6.0.STS/include" --advice:power=all --define=__MSP430G2553__ -g --printf_support=minimal --diag_warning=225 --diag_wrap=off --display_error_number --preproc_with_compile --preproc_dependency="Libraries/PCF8574.d" --obj_directory="Libraries"  "../Libraries/PCF8574.c"
'Finished building: ../Libraries/PCF8574.c'
' '
'Building file: ../Libraries/BH1750.c'
'Invoking: MSP430 Compiler'
"C:/ti/ccsv7/tools/compiler/ti-cgt-msp430_17.6.0.STS/bin/cl430" -vmsp --use_hw_mpy=none --include_path="C:/Users/sshah/Desktop/MSP430 CCS Code Examples/Code Examples/USCI_I2C_BH1750/Libraries" --include_path="C:/ti/ccsv7/ccs_base/msp430/include" --include_path="C:/Users/sshah/Desktop/MSP430 CCS Code Examples/Code Examples/USCI_I2C_BH1750" --include_path="C:/ti/ccsv7/tools/compiler/ti-cgt-msp430_17.6.0.STS/include" --advice:power=all --define=__MSP430G2553__ -g --printf_support=minimal --diag_warning=225 --diag_wrap=off --display_error_number --preproc_with_compile --preproc_dependency="Libraries/BH1750.d" --obj_directory="Libraries"  "../Libraries/BH1750.c"
'Finished building: ../Libraries/BH1750.c'
' '
'Building file: ../main.c'
'Invoking: MSP430 Compiler'
"C:/ti/ccsv7/tools/compiler/ti-cgt-msp430_17.6.0.STS/bin/cl430" -vmsp --use_hw_mpy=none --include_path="C:/Users/sshah/Desktop/MSP430 CCS Code Examples/Code Examples/USCI_I2C_BH1750/Libraries" --include_path="C:/ti/ccsv7/ccs_base/msp430/include" --include_path="C:/Users/sshah/Desktop/MSP430 CCS Code Examples/Code Examples/USCI_I2C_BH1750" --include_path="C:/ti/ccsv7/tools/compiler/ti-cgt-msp430_17.6.0.STS/include" --advice:power=all --define=__MSP430G2553__ -g --printf_support=minimal --diag_warning=225 --diag_wrap=off --display_error_number --preproc_with_compile --preproc_dependency="main.d"  "../main.c"
"../main.c", line 285: remark #1530-D: (ULP 5.1) Detected divide operation(s). Recommend moving them to RAM during run time or not using as these are processing/power intensive
"../main.c", line 286: remark #1530-D: (ULP 5.1) Detected modulo operation(s). Recommend moving them to RAM during run time or not using as these are processing/power intensive
"../main.c", line 287: remark #1530-D: (ULP 5.1) Detected modulo operation(s). Recommend moving them to RAM during run time or not using as these are processing/power intensive
"../main.c", line 288: remark #1530-D: (ULP 5.1) Detected modulo operation(s). Recommend moving them to RAM during run time or not using as these are processing/power intensive
"../main.c", line 289: remark #1530-D: (ULP 5.1) Detected modulo operation(s). Recommend moving them to RAM during run time or not using as these are processing/power intensive
'Finished building: ../main.c'
' '
'Building file: ../Libraries/HW_I2C.c'
'Invoking: MSP430 Compiler'
"C:/ti/ccsv7/tools/compiler/ti-cgt-msp430_17.6.0.STS/bin/cl430" -vmsp --use_hw_mpy=none --include_path="C:/Users/sshah/Desktop/MSP430 CCS Code Examples/Code Examples/USCI_I2C_BH1750/Libraries" --include_path="C:/ti/ccsv7/ccs_base/msp430/include" --include_path="C:/Users/sshah/Desktop/MSP430 CCS Code Examples/Code Examples/USCI_I2C_BH1750" --include_path="C:/ti/ccsv7/tools/compiler/ti-cgt-msp430_17.6.0.STS/include" --advice:power=all --define=__MSP430G2553__ -g --printf_support=minimal --diag_warning=225 --diag_wrap=off --display_error_number --preproc_with_compile --preproc_dependency="Libraries/HW_I2C.d" --obj_directory="Libraries"  "../Libraries/HW_I2C.c"
"../Libraries/HW_I2C.c", line 33: remark #1528-D: (ULP 3.1) Detected flag polling using IFG2. Recommend using an interrupt combined with enter LPMx and ISR
"../Libraries/HW_I2C.c", line 36: remark #1528-D: (ULP 3.1) Detected flag polling using IFG2. Recommend using an interrupt combined with enter LPMx and ISR
"../Libraries/HW_I2C.c", line 30: remark #1527-D: (ULP 2.1) Detected SW delay loop using empty loop. Recommend using a timer module instead
"../Libraries/HW_I2C.c", line 41: remark #1527-D: (ULP 2.1) Detected SW delay loop using empty loop. Recommend using a timer module instead
"../Libraries/HW_I2C.c", line 56: remark #1528-D: (ULP 3.1) Detected flag polling using IFG2. Recommend using an interrupt combined with enter LPMx and ISR
"../Libraries/HW_I2C.c", line 67: remark #1528-D: (ULP 3.1) Detected flag polling using IFG2. Recommend using an interrupt combined with enter LPMx and ISR
"../Libraries/HW_I2C.c", line 82: remark #1528-D: (ULP 3.1) Detected flag polling using IFG2. Recommend using an interrupt combined with enter LPMx and ISR
"../Libraries/HW_I2C.c", line 87: remark #1528-D: (ULP 3.1) Detected flag polling using IFG2. Recommend using an interrupt combined with enter LPMx and ISR
"../Libraries/HW_I2C.c", line 52: remark #1527-D: (ULP 2.1) Detected SW delay loop using empty loop. Recommend using a timer module instead
"../Libraries/HW_I2C.c", line 78: remark #1527-D: (ULP 2.1) Detected SW delay loop using empty loop. Recommend using a timer module instead
"../Libraries/HW_I2C.c", line 80: remark #1544-D: (ULP 13.1) Detected loop counting up. Recommend loops count down as detecting zeros is easier
"../Libraries/HW_I2C.c", line 91: remark #2553-D: (ULP 14.1) Array index (involving "length") of type "int". Recommend using "unsigned int"
"../Libraries/HW_I2C.c", line 103: remark #1528-D: (ULP 3.1) Detected flag polling using IFG2. Recommend using an interrupt combined with enter LPMx and ISR
"../Libraries/HW_I2C.c", line 113: remark #1528-D: (ULP 3.1) Detected flag polling using IFG2. Recommend using an interrupt combined with enter LPMx and ISR
"../Libraries/HW_I2C.c", line 122: remark #1528-D: (ULP 3.1) Detected flag polling using IFG2. Recommend using an interrupt combined with enter LPMx and ISR
"../Libraries/HW_I2C.c", line 99: remark #1527-D: (ULP 2.1) Detected SW delay loop using empty loop. Recommend using a timer module instead
'Finished building: ../Libraries/HW_I2C.c'
' '
'Building file: ../Libraries/delay.c'
'Invoking: MSP430 Compiler'
"C:/ti/ccsv7/tools/compiler/ti-cgt-msp430_17.6.0.STS/bin/cl430" -vmsp --use_hw_mpy=none --include_path="C:/Users/sshah/Desktop/MSP430 CCS Code Examples/Code Examples/USCI_I2C_BH1750/Libraries" --include_path="C:/ti/ccsv7/ccs_base/msp430/include" --include_path="C:/Users/sshah/Desktop/MSP430 CCS Code Examples/Code Examples/USCI_I2C_BH1750" --include_path="C:/ti/ccsv7/tools/compiler/ti-cgt-msp430_17.6.0.STS/include" --advice:power=all --define=__MSP430G2553__ -g --printf_support=minimal --diag_warning=225 --diag_wrap=off --display_error_number --preproc_with_compile --preproc_dependency="Libraries/delay.d" --obj_directory="Libraries"  "../Libraries/delay.c"
"../Libraries/delay.c", line 6: remark #1533-D: (ULP 6.1) Detected use of multiplication on a device that has no hardware multiplier
'Finished building: ../Libraries/delay.c'
' '
'Building file: ../Libraries/SW_I2C.c'
'Invoking: MSP430 Compiler'
"C:/ti/ccsv7/tools/compiler/ti-cgt-msp430_17.6.0.STS/bin/cl430" -vmsp --use_hw_mpy=none --include_path="C:/Users/sshah/Desktop/MSP430 CCS Code Examples/Code Examples/USCI_I2C_BH1750/Libraries" --include_path="C:/ti/ccsv7/ccs_base/msp430/include" --include_path="C:/Users/sshah/Desktop/MSP430 CCS Code Examples/Code Examples/USCI_I2C_BH1750" --include_path="C:/ti/ccsv7/tools/compiler/ti-cgt-msp430_17.6.0.STS/include" --advice:power=all --define=__MSP430G2553__ -g --printf_support=minimal --diag_warning=225 --diag_wrap=off --display_error_number --preproc_with_compile --preproc_dependency="Libraries/SW_I2C.d" --obj_directory="Libraries"  "../Libraries/SW_I2C.c"
'Finished building: ../Libraries/SW_I2C.c'
' '
'Building file: ../Libraries/lcd.c'
'Invoking: MSP430 Compiler'
"C:/ti/ccsv7/tools/compiler/ti-cgt-msp430_17.6.0.STS/bin/cl430" -vmsp --use_hw_mpy=none --include_path="C:/Users/sshah/Desktop/MSP430 CCS Code Examples/Code Examples/USCI_I2C_BH1750/Libraries" --include_path="C:/ti/ccsv7/ccs_base/msp430/include" --include_path="C:/Users/sshah/Desktop/MSP430 CCS Code Examples/Code Examples/USCI_I2C_BH1750" --include_path="C:/ti/ccsv7/tools/compiler/ti-cgt-msp430_17.6.0.STS/include" --advice:power=all --define=__MSP430G2553__ -g --printf_support=minimal --diag_warning=225 --diag_wrap=off --display_error_number --preproc_with_compile --preproc_dependency="Libraries/lcd.d" --obj_directory="Libraries"  "../Libraries/lcd.c"
"../Libraries/lcd.c", line 4: remark #1535-D: (ULP 8.1) variable "bl_state" is used as a constant. Recommend declaring variable as either 'static const' or 'const'
'Finished building: ../Libraries/lcd.c'
' '
'Building target: USCI_I2C_BH1750.out'
'Invoking: MSP430 Linker'
"C:/ti/ccsv7/tools/compiler/ti-cgt-msp430_17.6.0.STS/bin/cl430" -vmsp --use_hw_mpy=none --advice:power=all --define=__MSP430G2553__ -g --printf_support=minimal --diag_warning=225 --diag_wrap=off --display_error_number -z -m"USCI_I2C_BH1750.map" --heap_size=80 --stack_size=80 -i"C:/ti/ccsv7/ccs_base/msp430/include" -i"C:/ti/ccsv7/tools/compiler/ti-cgt-msp430_17.6.0.STS/lib" -i"C:/ti/ccsv7/tools/compiler/ti-cgt-msp430_17.6.0.STS/include" --reread_libs --diag_wrap=off --display_error_number --warn_sections --xml_link_info="USCI_I2C_BH1750_linkInfo.xml" --use_hw_mpy=none --rom_model -o "USCI_I2C_BH1750.out" "./main.obj" "./Libraries/BH1750.obj" "./Libraries/HW_I2C.obj" "./Libraries/PCF8574.obj" "./Libraries/SW_I2C.obj" "./Libraries/delay.obj" "./Libraries/lcd.obj" "../lnk_msp430g2553.cmd"  -llibc.a 
<Linking>
'Finished building target: USCI_I2C_BH1750.out'
' '
'Invoking: MSP430 Hex Utility'
"C:/ti/ccsv7/tools/compiler/ti-cgt-msp430_17.6.0.STS/bin/hex430" --memwidth=8 --romwidth=8 --intel -o "USCI_I2C_BH1750.hex"  "USCI_I2C_BH1750.out" 
Translating to Intel format...
   "USCI_I2C_BH1750.out" .text ==> .text
   "USCI_I2C_BH1750.out" .const ==> .const
   "USCI_I2C_BH1750.out" .cinit ==> .cinit
   "USCI_I2C_BH1750.out" $fill000 ==> $fill000
   "USCI_I2C_BH1750.out" TRAPINT ==> TRAPINT
   "USCI_I2C_BH1750.out" PORT1 ==> PORT1
   "USCI_I2C_BH1750.out" PORT2 ==> PORT2
   "USCI_I2C_BH1750.out" ADC10 ==> ADC10
   "USCI_I2C_BH1750.out" USCIAB0TX ==> USCIAB0TX
   "USCI_I2C_BH1750.out" USCIAB0RX ==> USCIAB0RX
   "USCI_I2C_BH1750.out" TIMER0_A1 ==> TIMER0_A1
   "USCI_I2C_BH1750.out" TIMER0_A0 ==> TIMER0_A0
   "USCI_I2C_BH1750.out" WDT ==> WDT
   "USCI_I2C_BH1750.out" COMPARATORA ==> COMPARATORA
   "USCI_I2C_BH1750.out" TIMER1_A1 ==> TIMER1_A1
   "USCI_I2C_BH1750.out" TIMER1_A0 ==> TIMER1_A0
   "USCI_I2C_BH1750.out" NMI ==> NMI
   "USCI_I2C_BH1750.out" .reset ==> .reset
'Finished building: USCI_I2C_BH1750.hex'
' '

**** Build Finished ****
