
**** Build of configuration Debug for project WDT_Plus ****

"C:\\ti\\ccsv7\\utils\\bin\\gmake" -k -j 4 all -O 
'Building file: ../main.c'
'Invoking: MSP430 Compiler'
"C:/ti/ccsv7/tools/compiler/ti-cgt-msp430_17.6.0.STS/bin/cl430" -vmsp --use_hw_mpy=none --include_path="C:/ti/ccsv7/ccs_base/msp430/include" --include_path="C:/Users/SShahryiar/Desktop/MSP430 CCS Code Examples/WDT_Plus" --include_path="C:/ti/ccsv7/tools/compiler/ti-cgt-msp430_17.6.0.STS/include" --advice:power=all --define=__MSP430G2452__ -g --printf_support=minimal --diag_warning=225 --diag_wrap=off --display_error_number --preproc_with_compile --preproc_dependency="main.d"  "../main.c"
"../main.c", line 31: remark #1527-D: (ULP 2.1) Detected SW delay loop using __delay_cycles. Recommend using a timer module instead
"../main.c", line 43: remark #1527-D: (ULP 2.1) Detected SW delay loop using __delay_cycles. Recommend using a timer module instead
'Finished building: ../main.c'
' '
'Building target: WDT_Plus.out'
'Invoking: MSP430 Linker'
"C:/ti/ccsv7/tools/compiler/ti-cgt-msp430_17.6.0.STS/bin/cl430" -vmsp --use_hw_mpy=none --advice:power=all --define=__MSP430G2452__ -g --printf_support=minimal --diag_warning=225 --diag_wrap=off --display_error_number -z -m"WDT_Plus.map" --heap_size=80 --stack_size=80 -i"C:/ti/ccsv7/ccs_base/msp430/include" -i"C:/ti/ccsv7/tools/compiler/ti-cgt-msp430_17.6.0.STS/lib" -i"C:/ti/ccsv7/tools/compiler/ti-cgt-msp430_17.6.0.STS/include" --reread_libs --diag_wrap=off --display_error_number --warn_sections --xml_link_info="WDT_Plus_linkInfo.xml" --use_hw_mpy=none --rom_model -o "WDT_Plus.out" "./main.obj" "../lnk_msp430g2452.cmd"  -llibc.a 
<Linking>
'Finished building target: WDT_Plus.out'
' '
'Invoking: MSP430 Hex Utility'
"C:/ti/ccsv7/tools/compiler/ti-cgt-msp430_17.6.0.STS/bin/hex430" --memwidth=8 --romwidth=8 --intel -o "WDT_Plus.hex"  "WDT_Plus.out" 
Translating to Intel format...
   "WDT_Plus.out" .text ==> .text
   "WDT_Plus.out" PORT1 ==> PORT1
   "WDT_Plus.out" PORT2 ==> PORT2
   "WDT_Plus.out" USI ==> USI
   "WDT_Plus.out" ADC10 ==> ADC10
   "WDT_Plus.out" TIMER0_A1 ==> TIMER0_A1
   "WDT_Plus.out" TIMER0_A0 ==> TIMER0_A0
   "WDT_Plus.out" WDT ==> WDT
   "WDT_Plus.out" COMPARATORA ==> COMPARATORA
   "WDT_Plus.out" NMI ==> NMI
   "WDT_Plus.out" .reset ==> .reset
'Finished building: WDT_Plus.hex'
' '

**** Build Finished ****
